[ 2019-05-27T15:45:25+08:00 ] 127.0.0.1 /Admin/Index/removeRuntime.html
INFO: [ app_init ] --START--
INFO: Run Behavior\BuildLiteBehavior [ RunTime:0.000017s ]
INFO: [ app_init ] --END-- [ RunTime:0.000090s ]
INFO: [ app_begin ] --START--
INFO: Run Behavior\ReadHtmlCacheBehavior [ RunTime:0.001727s ]
INFO: Run Common\Behavior\CheckLangBehavior [ RunTime:0.003274s ]
INFO: [ app_begin ] --END-- [ RunTime:0.005135s ]
NOTIC: [8] Use of undefined constant MODEL_INSERT - assumed 'MODEL_INSERT' D:\phpStudy\WWW\ThinkPHP\Common\functions.php 第 588 行.
SQL: SHOW COLUMNS FROM `ysk_admin` [ RunTime:0.0073s ]
SQL: SHOW COLUMNS FROM `ysk_group` [ RunTime:0.0077s ]
SQL: SHOW COLUMNS FROM `ysk_menu` [ RunTime:0.0078s ]
SQL: SHOW COLUMNS FROM `ysk_admin` [ RunTime:0.0077s ]
SQL: SELECT `auth_id` FROM `ysk_admin` WHERE `id` = 1 LIMIT 1   [ RunTime:0.0004s ]
SQL: SELECT `pid`,`gid`,`name` FROM `ysk_menu` WHERE `col` = 'Index' AND `status` = 1 AND `level` = 2 LIMIT 1   [ RunTime:0.0005s ]
SQL: SELECT `name` FROM `ysk_menu` WHERE `id` = null LIMIT 1   [ RunTime:0.0003s ]
SQL: SELECT `name` FROM `ysk_menu` WHERE `id` = null LIMIT 1   [ RunTime:0.0003s ]
NOTIC: [8] Undefined index: gid D:\phpStudy\WWW\APP\Admin\Controller\AdminController.class.php 第 56 行.
SQL: SELECT `auth_id` FROM `ysk_admin` WHERE `id` = 1 LIMIT 1   [ RunTime:0.0004s ]
SQL: SELECT * FROM `ysk_menu` WHERE `status` = 1 AND `level` = 1 AND `gid` = 1 ORDER BY sort asc, id asc  [ RunTime:0.0005s ]
SQL: SELECT * FROM `ysk_menu` WHERE `status` = 1 AND `level` = 2 AND `gid` = 1 ORDER BY sort asc, id asc  [ RunTime:0.0007s ]
SQL: SELECT `auth_id` FROM `ysk_admin` WHERE `id` = 1 LIMIT 1   [ RunTime:0.0004s ]
SQL: SELECT * FROM `ysk_menu` WHERE `status` = 1 AND `level` = 0 ORDER BY sort asc, id asc  [ RunTime:0.0005s ]
SQL: SELECT `col`,`act` FROM `ysk_menu` WHERE `level` = 2 AND `gid` = 1 ORDER BY sort asc, id asc LIMIT 1   [ RunTime:0.0005s ]
SQL: SELECT COUNT(1) AS tp_count FROM `ysk_menu` WHERE `col` = 'Index' AND `act` = 'removeRuntime' LIMIT 1   [ RunTime:0.0004s ]

[ 2019-05-27T15:45:33+08:00 ] 127.0.0.1 /Admin/User/index.html
INFO: [ app_init ] --START--
INFO: Run Behavior\BuildLiteBehavior [ RunTime:0.000029s ]
INFO: [ app_init ] --END-- [ RunTime:0.000165s ]
INFO: [ app_begin ] --START--
INFO: Run Behavior\ReadHtmlCacheBehavior [ RunTime:0.001213s ]
INFO: Run Common\Behavior\CheckLangBehavior [ RunTime:0.003063s ]
INFO: [ app_begin ] --END-- [ RunTime:0.004428s ]
NOTIC: [2048] Declaration of Admin\Controller\UserController::setStatus() should be compatible with Admin\Controller\AdminController::setStatus($model = Admin\Controller\CONTROLLER_NAME, $script = false) D:\phpStudy\WWW\APP\Admin\Controller\UserController.class.php 第 11 行.
NOTIC: [8] Use of undefined constant MODEL_INSERT - assumed 'MODEL_INSERT' D:\phpStudy\WWW\ThinkPHP\Common\functions.php 第 588 行.
SQL: SHOW COLUMNS FROM `ysk_admin` [ RunTime:0.0106s ]
SQL: SHOW COLUMNS FROM `ysk_group` [ RunTime:0.0084s ]
SQL: SHOW COLUMNS FROM `ysk_menu` [ RunTime:0.0066s ]
SQL: SHOW COLUMNS FROM `ysk_admin` [ RunTime:0.0089s ]
SQL: SELECT `auth_id` FROM `ysk_admin` WHERE `id` = 1 LIMIT 1   [ RunTime:0.0005s ]
SQL: SELECT `pid`,`gid`,`name` FROM `ysk_menu` WHERE `col` = 'User' AND `status` = 1 AND `level` = 2 LIMIT 1   [ RunTime:0.0003s ]
SQL: SELECT `name` FROM `ysk_menu` WHERE `id` = 7 LIMIT 1   [ RunTime:0.0003s ]
SQL: SELECT `name` FROM `ysk_menu` WHERE `id` = 1 LIMIT 1   [ RunTime:0.0003s ]
SQL: SELECT `auth_id` FROM `ysk_admin` WHERE `id` = 1 LIMIT 1   [ RunTime:0.0003s ]
SQL: SELECT * FROM `ysk_menu` WHERE `status` = 1 AND `level` = 1 AND `gid` = 1 ORDER BY sort asc, id asc  [ RunTime:0.0004s ]
SQL: SELECT * FROM `ysk_menu` WHERE `status` = 1 AND `level` = 2 AND `gid` = 1 ORDER BY sort asc, id asc  [ RunTime:0.0006s ]
SQL: SELECT `auth_id` FROM `ysk_admin` WHERE `id` = 1 LIMIT 1   [ RunTime:0.0003s ]
SQL: SELECT * FROM `ysk_menu` WHERE `status` = 1 AND `level` = 0 ORDER BY sort asc, id asc  [ RunTime:0.0003s ]
SQL: SELECT `col`,`act` FROM `ysk_menu` WHERE `level` = 2 AND `gid` = 1 ORDER BY sort asc, id asc LIMIT 1   [ RunTime:0.0002s ]
SQL: SELECT COUNT(1) AS tp_count FROM `ysk_menu` WHERE `col` = 'User' AND `act` = 'index' LIMIT 1   [ RunTime:0.0004s ]
SQL: SHOW COLUMNS FROM `ysk_user` [ RunTime:0.0091s ]
SQL: SELECT COUNT(*) AS tp_count FROM `ysk_user` LIMIT 1   [ RunTime:0.0004s ]
SQL: SELECT * FROM `ysk_user` ORDER BY userid desc LIMIT 0,50   [ RunTime:0.0008s ]
INFO: [ view_parse ] --START--
INFO: [ template_filter ] --START--
INFO: Run Behavior\ContentReplaceBehavior [ RunTime:0.000349s ]
INFO: [ template_filter ] --END-- [ RunTime:0.000419s ]
NOTIC: [8] Undefined variable: _user_auth D:\phpStudy\WWW\APP\Runtime\Cache\Admin\60dda32da550c2bcadbf7e515086a5c1.php 第 75 行.
NOTIC: [8] Undefined index: keyword D:\phpStudy\WWW\APP\Runtime\Cache\Admin\60dda32da550c2bcadbf7e515086a5c1.php 第 157 行.
SQL: SELECT COUNT(*) AS tp_count FROM `ysk_user` WHERE `pid` = 8 LIMIT 1   [ RunTime:0.0005s ]
SQL: SELECT * FROM `ysk_user` WHERE `userid` = 7 LIMIT 1   [ RunTime:0.0005s ]
SQL: SELECT COUNT(*) AS tp_count FROM `ysk_user` WHERE `pid` = 7 LIMIT 1   [ RunTime:0.0004s ]
SQL: SELECT * FROM `ysk_user` WHERE `userid` = 1 LIMIT 1   [ RunTime:0.0005s ]
SQL: SELECT COUNT(*) AS tp_count FROM `ysk_user` WHERE `pid` = 6 LIMIT 1   [ RunTime:0.0004s ]
SQL: SELECT * FROM `ysk_user` WHERE `userid` = 5 LIMIT 1   [ RunTime:0.0005s ]
SQL: SELECT COUNT(*) AS tp_count FROM `ysk_user` WHERE `pid` = 5 LIMIT 1   [ RunTime:0.0004s ]
SQL: SELECT * FROM `ysk_user` WHERE `userid` = 4 LIMIT 1   [ RunTime:0.0004s ]
SQL: SELECT COUNT(*) AS tp_count FROM `ysk_user` WHERE `pid` = 4 LIMIT 1   [ RunTime:0.0005s ]
SQL: SELECT * FROM `ysk_user` WHERE `userid` = 3 LIMIT 1   [ RunTime:0.0005s ]
SQL: SELECT COUNT(*) AS tp_count FROM `ysk_user` WHERE `pid` = 3 LIMIT 1   [ RunTime:0.0004s ]
SQL: SELECT * FROM `ysk_user` WHERE `userid` = 1 LIMIT 1   [ RunTime:0.0007s ]
SQL: SELECT COUNT(*) AS tp_count FROM `ysk_user` WHERE `pid` = 2 LIMIT 1   [ RunTime:0.0007s ]
SQL: SELECT * FROM `ysk_user` WHERE `userid` = 1 LIMIT 1   [ RunTime:0.0014s ]
SQL: SELECT COUNT(*) AS tp_count FROM `ysk_user` WHERE `pid` = 1 LIMIT 1   [ RunTime:0.0006s ]
SQL: SELECT * FROM `ysk_user` WHERE `userid` = 0 LIMIT 1   [ RunTime:0.0005s ]
INFO: Run Behavior\ParseTemplateBehavior [ RunTime:0.048309s ]
INFO: [ view_parse ] --END-- [ RunTime:0.048370s ]
INFO: [ view_filter ] --START--
INFO: Run Behavior\WriteHtmlCacheBehavior [ RunTime:0.000726s ]
INFO: [ view_filter ] --END-- [ RunTime:0.000772s ]
INFO: [ app_end ] --START--
INFO: Run Behavior\ShowPageTraceBehavior [ RunTime:0.000930s ]
INFO: [ app_end ] --END-- [ RunTime:0.000993s ]

[ 2019-05-27T15:45:37+08:00 ] 127.0.0.1 /Admin/Tree/index.html
INFO: [ app_init ] --START--
INFO: Run Behavior\BuildLiteBehavior [ RunTime:0.000028s ]
INFO: [ app_init ] --END-- [ RunTime:0.000218s ]
INFO: [ app_begin ] --START--
INFO: Run Behavior\ReadHtmlCacheBehavior [ RunTime:0.001432s ]
INFO: Run Common\Behavior\CheckLangBehavior [ RunTime:0.005103s ]
INFO: [ app_begin ] --END-- [ RunTime:0.006721s ]
NOTIC: [8] Use of undefined constant MODEL_INSERT - assumed 'MODEL_INSERT' D:\phpStudy\WWW\ThinkPHP\Common\functions.php 第 588 行.
SQL: SHOW COLUMNS FROM `ysk_admin` [ RunTime:0.0081s ]
SQL: SHOW COLUMNS FROM `ysk_group` [ RunTime:0.0077s ]
SQL: SHOW COLUMNS FROM `ysk_menu` [ RunTime:0.0094s ]
SQL: SHOW COLUMNS FROM `ysk_admin` [ RunTime:0.0088s ]
SQL: SELECT `auth_id` FROM `ysk_admin` WHERE `id` = 1 LIMIT 1   [ RunTime:0.0005s ]
SQL: SELECT `pid`,`gid`,`name` FROM `ysk_menu` WHERE `col` = 'Tree' AND `status` = 1 AND `level` = 2 LIMIT 1   [ RunTime:0.0005s ]
SQL: SELECT `name` FROM `ysk_menu` WHERE `id` = 7 LIMIT 1   [ RunTime:0.0004s ]
SQL: SELECT `name` FROM `ysk_menu` WHERE `id` = 1 LIMIT 1   [ RunTime:0.0011s ]
SQL: SELECT `auth_id` FROM `ysk_admin` WHERE `id` = 1 LIMIT 1   [ RunTime:0.0005s ]
SQL: SELECT * FROM `ysk_menu` WHERE `status` = 1 AND `level` = 1 AND `gid` = 1 ORDER BY sort asc, id asc  [ RunTime:0.0005s ]
SQL: SELECT * FROM `ysk_menu` WHERE `status` = 1 AND `level` = 2 AND `gid` = 1 ORDER BY sort asc, id asc  [ RunTime:0.0006s ]
SQL: SELECT `auth_id` FROM `ysk_admin` WHERE `id` = 1 LIMIT 1   [ RunTime:0.0004s ]
SQL: SELECT * FROM `ysk_menu` WHERE `status` = 1 AND `level` = 0 ORDER BY sort asc, id asc  [ RunTime:0.0005s ]
SQL: SELECT `col`,`act` FROM `ysk_menu` WHERE `level` = 2 AND `gid` = 1 ORDER BY sort asc, id asc LIMIT 1   [ RunTime:0.0005s ]
SQL: SELECT COUNT(1) AS tp_count FROM `ysk_menu` WHERE `col` = 'Tree' AND `act` = 'index' LIMIT 1   [ RunTime:0.0004s ]
SQL: SHOW COLUMNS FROM `ysk_user` [ RunTime:0.0095s ]
SQL: SELECT * FROM `ysk_user` WHERE `pid` = 0 ORDER BY userid asc  [ RunTime:0.0012s ]
NOTIC: [8] Undefined variable: i D:\phpStudy\WWW\APP\Admin\Controller\TreeController.class.php 第 55 行.
SQL: SELECT COUNT(1) AS tp_count FROM `ysk_user` WHERE `pid` = 1 LIMIT 1   [ RunTime:0.0005s ]
SQL: SELECT * FROM `ysk_user` WHERE `pid` = 1 ORDER BY userid asc  [ RunTime:0.0007s ]
NOTIC: [8] Undefined variable: i D:\phpStudy\WWW\APP\Admin\Controller\TreeController.class.php 第 55 行.
SQL: SELECT COUNT(1) AS tp_count FROM `ysk_user` WHERE `pid` = 2 LIMIT 1   [ RunTime:0.0004s ]
SQL: SELECT * FROM `ysk_user` WHERE `pid` = 2 ORDER BY userid asc  [ RunTime:0.0005s ]
NOTIC: [8] Undefined variable: i D:\phpStudy\WWW\APP\Admin\Controller\TreeController.class.php 第 55 行.
SQL: SELECT COUNT(1) AS tp_count FROM `ysk_user` WHERE `pid` = 3 LIMIT 1   [ RunTime:0.0004s ]
SQL: SELECT * FROM `ysk_user` WHERE `pid` = 3 ORDER BY userid asc  [ RunTime:0.0005s ]
NOTIC: [8] Undefined variable: i D:\phpStudy\WWW\APP\Admin\Controller\TreeController.class.php 第 55 行.
SQL: SELECT COUNT(1) AS tp_count FROM `ysk_user` WHERE `pid` = 4 LIMIT 1   [ RunTime:0.0004s ]
SQL: SELECT * FROM `ysk_user` WHERE `pid` = 4 ORDER BY userid asc  [ RunTime:0.0005s ]
NOTIC: [8] Undefined variable: i D:\phpStudy\WWW\APP\Admin\Controller\TreeController.class.php 第 55 行.
SQL: SELECT COUNT(1) AS tp_count FROM `ysk_user` WHERE `pid` = 5 LIMIT 1   [ RunTime:0.0004s ]
SQL: SELECT * FROM `ysk_user` WHERE `pid` = 5 ORDER BY userid asc  [ RunTime:0.0006s ]
NOTIC: [8] Undefined variable: i D:\phpStudy\WWW\APP\Admin\Controller\TreeController.class.php 第 55 行.
SQL: SELECT COUNT(1) AS tp_count FROM `ysk_user` WHERE `pid` = 6 LIMIT 1   [ RunTime:0.0007s ]
SQL: SELECT * FROM `ysk_user` WHERE `pid` = 6 ORDER BY userid asc  [ RunTime:0.0008s ]
NOTIC: [8] Undefined variable: i D:\phpStudy\WWW\APP\Admin\Controller\TreeController.class.php 第 55 行.
SQL: SELECT COUNT(1) AS tp_count FROM `ysk_user` WHERE `pid` = 7 LIMIT 1   [ RunTime:0.0004s ]
SQL: SELECT * FROM `ysk_user` WHERE `pid` = 7 ORDER BY userid asc  [ RunTime:0.0006s ]
NOTIC: [8] Undefined variable: i D:\phpStudy\WWW\APP\Admin\Controller\TreeController.class.php 第 55 行.
SQL: SELECT COUNT(1) AS tp_count FROM `ysk_user` WHERE `pid` = 8 LIMIT 1   [ RunTime:0.0004s ]
SQL: SELECT * FROM `ysk_user` WHERE `pid` = 8 ORDER BY userid asc  [ RunTime:0.0005s ]
NOTIC: [8] Undefined variable: i D:\phpStudy\WWW\APP\Admin\Controller\TreeController.class.php 第 55 行.
INFO: [ view_parse ] --START--
INFO: [ template_filter ] --START--
INFO: Run Behavior\ContentReplaceBehavior [ RunTime:0.000210s ]
INFO: [ template_filter ] --END-- [ RunTime:0.000262s ]
NOTIC: [8] Undefined variable: _user_auth D:\phpStudy\WWW\APP\Runtime\Cache\Admin\e6ec180eceab7c3fd88cdd0ff446dca9.php 第 134 行.
NOTIC: [8] Undefined index: keyword D:\phpStudy\WWW\APP\Runtime\Cache\Admin\e6ec180eceab7c3fd88cdd0ff446dca9.php 第 207 行.
INFO: Run Behavior\ParseTemplateBehavior [ RunTime:0.030609s ]
INFO: [ view_parse ] --END-- [ RunTime:0.030703s ]
INFO: [ view_filter ] --START--
INFO: Run Behavior\WriteHtmlCacheBehavior [ RunTime:0.003185s ]
INFO: [ view_filter ] --END-- [ RunTime:0.003234s ]
INFO: [ app_end ] --START--
INFO: Run Behavior\ShowPageTraceBehavior [ RunTime:0.001708s ]
INFO: [ app_end ] --END-- [ RunTime:0.001803s ]

[ 2019-05-27T15:45:39+08:00 ] 127.0.0.1 /Admin/User/recharge.html
INFO: [ app_init ] --START--
INFO: Run Behavior\BuildLiteBehavior [ RunTime:0.000018s ]
INFO: [ app_init ] --END-- [ RunTime:0.000090s ]
INFO: [ app_begin ] --START--
INFO: Run Behavior\ReadHtmlCacheBehavior [ RunTime:0.003050s ]
INFO: Run Common\Behavior\CheckLangBehavior [ RunTime:0.003916s ]
INFO: [ app_begin ] --END-- [ RunTime:0.007143s ]
NOTIC: [2048] Declaration of Admin\Controller\UserController::setStatus() should be compatible with Admin\Controller\AdminController::setStatus($model = Admin\Controller\CONTROLLER_NAME, $script = false) D:\phpStudy\WWW\APP\Admin\Controller\UserController.class.php 第 11 行.
NOTIC: [8] Use of undefined constant MODEL_INSERT - assumed 'MODEL_INSERT' D:\phpStudy\WWW\ThinkPHP\Common\functions.php 第 588 行.
SQL: SHOW COLUMNS FROM `ysk_admin` [ RunTime:0.0093s ]
SQL: SHOW COLUMNS FROM `ysk_group` [ RunTime:0.0080s ]
SQL: SHOW COLUMNS FROM `ysk_menu` [ RunTime:0.0068s ]
SQL: SHOW COLUMNS FROM `ysk_admin` [ RunTime:0.0069s ]
SQL: SELECT `auth_id` FROM `ysk_admin` WHERE `id` = 1 LIMIT 1   [ RunTime:0.0003s ]
SQL: SELECT `pid`,`gid`,`name` FROM `ysk_menu` WHERE `col` = 'User' AND `status` = 1 AND `level` = 2 LIMIT 1   [ RunTime:0.0003s ]
SQL: SELECT `name` FROM `ysk_menu` WHERE `id` = 7 LIMIT 1   [ RunTime:0.0002s ]
SQL: SELECT `name` FROM `ysk_menu` WHERE `id` = 1 LIMIT 1   [ RunTime:0.0003s ]
SQL: SELECT `auth_id` FROM `ysk_admin` WHERE `id` = 1 LIMIT 1   [ RunTime:0.0002s ]
SQL: SELECT * FROM `ysk_menu` WHERE `status` = 1 AND `level` = 1 AND `gid` = 1 ORDER BY sort asc, id asc  [ RunTime:0.0004s ]
SQL: SELECT * FROM `ysk_menu` WHERE `status` = 1 AND `level` = 2 AND `gid` = 1 ORDER BY sort asc, id asc  [ RunTime:0.0004s ]
SQL: SELECT `auth_id` FROM `ysk_admin` WHERE `id` = 1 LIMIT 1   [ RunTime:0.0004s ]
SQL: SELECT * FROM `ysk_menu` WHERE `status` = 1 AND `level` = 0 ORDER BY sort asc, id asc  [ RunTime:0.0005s ]
SQL: SELECT `col`,`act` FROM `ysk_menu` WHERE `level` = 2 AND `gid` = 1 ORDER BY sort asc, id asc LIMIT 1   [ RunTime:0.0003s ]
SQL: SELECT COUNT(1) AS tp_count FROM `ysk_menu` WHERE `col` = 'User' AND `act` = 'recharge' LIMIT 1   [ RunTime:0.0003s ]
SQL: SHOW COLUMNS FROM `ysk_recharge` [ RunTime:0.0106s ]
SQL: SELECT COUNT(*) AS tp_count FROM `ysk_recharge` LIMIT 1   [ RunTime:0.0003s ]
SQL: SELECT * FROM `ysk_recharge` ORDER BY id desc LIMIT 0,50   [ RunTime:0.0008s ]
SQL: SHOW COLUMNS FROM `ysk_system` [ RunTime:0.0099s ]
SQL: SELECT * FROM `ysk_system` WHERE `id` = 1 LIMIT 1   [ RunTime:0.0005s ]
INFO: [ view_parse ] --START--
INFO: [ template_filter ] --START--
INFO: Run Behavior\ContentReplaceBehavior [ RunTime:0.000447s ]
INFO: [ template_filter ] --END-- [ RunTime:0.000590s ]
NOTIC: [8] Undefined variable: _user_auth D:\phpStudy\WWW\APP\Runtime\Cache\Admin\c3597ce05c8b81c5f841a7b8c4ff5b41.php 第 75 行.
NOTIC: [8] Undefined index: keyword D:\phpStudy\WWW\APP\Runtime\Cache\Admin\c3597ce05c8b81c5f841a7b8c4ff5b41.php 第 157 行.
INFO: Run Behavior\ParseTemplateBehavior [ RunTime:0.036501s ]
INFO: [ view_parse ] --END-- [ RunTime:0.036571s ]
INFO: [ view_filter ] --START--
INFO: Run Behavior\WriteHtmlCacheBehavior [ RunTime:0.001639s ]
INFO: [ view_filter ] --END-- [ RunTime:0.001702s ]
INFO: [ app_end ] --START--
INFO: Run Behavior\ShowPageTraceBehavior [ RunTime:0.002204s ]
INFO: [ app_end ] --END-- [ RunTime:0.002290s ]

[ 2019-05-27T15:45:43+08:00 ] 127.0.0.1 /Admin/User/index.html
INFO: [ app_init ] --START--
INFO: Run Behavior\BuildLiteBehavior [ RunTime:0.000016s ]
INFO: [ app_init ] --END-- [ RunTime:0.000111s ]
INFO: [ app_begin ] --START--
INFO: Run Behavior\ReadHtmlCacheBehavior [ RunTime:0.000734s ]
INFO: Run Common\Behavior\CheckLangBehavior [ RunTime:0.001761s ]
INFO: [ app_begin ] --END-- [ RunTime:0.002580s ]
NOTIC: [2048] Declaration of Admin\Controller\UserController::setStatus() should be compatible with Admin\Controller\AdminController::setStatus($model = Admin\Controller\CONTROLLER_NAME, $script = false) D:\phpStudy\WWW\APP\Admin\Controller\UserController.class.php 第 11 行.
NOTIC: [8] Use of undefined constant MODEL_INSERT - assumed 'MODEL_INSERT' D:\phpStudy\WWW\ThinkPHP\Common\functions.php 第 588 行.
SQL: SHOW COLUMNS FROM `ysk_admin` [ RunTime:0.0099s ]
SQL: SHOW COLUMNS FROM `ysk_group` [ RunTime:0.0080s ]
SQL: SHOW COLUMNS FROM `ysk_menu` [ RunTime:0.0107s ]
SQL: SHOW COLUMNS FROM `ysk_admin` [ RunTime:0.0080s ]
SQL: SELECT `auth_id` FROM `ysk_admin` WHERE `id` = 1 LIMIT 1   [ RunTime:0.0014s ]
SQL: SELECT `pid`,`gid`,`name` FROM `ysk_menu` WHERE `col` = 'User' AND `status` = 1 AND `level` = 2 LIMIT 1   [ RunTime:0.0012s ]
SQL: SELECT `name` FROM `ysk_menu` WHERE `id` = 7 LIMIT 1   [ RunTime:0.0005s ]
SQL: SELECT `name` FROM `ysk_menu` WHERE `id` = 1 LIMIT 1   [ RunTime:0.0004s ]
SQL: SELECT `auth_id` FROM `ysk_admin` WHERE `id` = 1 LIMIT 1   [ RunTime:0.0004s ]
SQL: SELECT * FROM `ysk_menu` WHERE `status` = 1 AND `level` = 1 AND `gid` = 1 ORDER BY sort asc, id asc  [ RunTime:0.0005s ]
SQL: SELECT * FROM `ysk_menu` WHERE `status` = 1 AND `level` = 2 AND `gid` = 1 ORDER BY sort asc, id asc  [ RunTime:0.0006s ]
SQL: SELECT `auth_id` FROM `ysk_admin` WHERE `id` = 1 LIMIT 1   [ RunTime:0.0004s ]
SQL: SELECT * FROM `ysk_menu` WHERE `status` = 1 AND `level` = 0 ORDER BY sort asc, id asc  [ RunTime:0.0005s ]
SQL: SELECT `col`,`act` FROM `ysk_menu` WHERE `level` = 2 AND `gid` = 1 ORDER BY sort asc, id asc LIMIT 1   [ RunTime:0.0005s ]
SQL: SELECT COUNT(1) AS tp_count FROM `ysk_menu` WHERE `col` = 'User' AND `act` = 'index' LIMIT 1   [ RunTime:0.0004s ]
SQL: SHOW COLUMNS FROM `ysk_user` [ RunTime:0.0113s ]
SQL: SELECT COUNT(*) AS tp_count FROM `ysk_user` LIMIT 1   [ RunTime:0.0003s ]
SQL: SELECT * FROM `ysk_user` ORDER BY userid desc LIMIT 0,50   [ RunTime:0.0008s ]
INFO: [ view_parse ] --START--
INFO: [ template_filter ] --START--
INFO: Run Behavior\ContentReplaceBehavior [ RunTime:0.000455s ]
INFO: [ template_filter ] --END-- [ RunTime:0.000627s ]
NOTIC: [8] Undefined variable: _user_auth D:\phpStudy\WWW\APP\Runtime\Cache\Admin\60dda32da550c2bcadbf7e515086a5c1.php 第 75 行.
NOTIC: [8] Undefined index: keyword D:\phpStudy\WWW\APP\Runtime\Cache\Admin\60dda32da550c2bcadbf7e515086a5c1.php 第 157 行.
SQL: SELECT COUNT(*) AS tp_count FROM `ysk_user` WHERE `pid` = 8 LIMIT 1   [ RunTime:0.0004s ]
SQL: SELECT * FROM `ysk_user` WHERE `userid` = 7 LIMIT 1   [ RunTime:0.0005s ]
SQL: SELECT COUNT(*) AS tp_count FROM `ysk_user` WHERE `pid` = 7 LIMIT 1   [ RunTime:0.0004s ]
SQL: SELECT * FROM `ysk_user` WHERE `userid` = 1 LIMIT 1   [ RunTime:0.0005s ]
SQL: SELECT COUNT(*) AS tp_count FROM `ysk_user` WHERE `pid` = 6 LIMIT 1   [ RunTime:0.0004s ]
SQL: SELECT * FROM `ysk_user` WHERE `userid` = 5 LIMIT 1   [ RunTime:0.0005s ]
SQL: SELECT COUNT(*) AS tp_count FROM `ysk_user` WHERE `pid` = 5 LIMIT 1   [ RunTime:0.0004s ]
SQL: SELECT * FROM `ysk_user` WHERE `userid` = 4 LIMIT 1   [ RunTime:0.0005s ]
SQL: SELECT COUNT(*) AS tp_count FROM `ysk_user` WHERE `pid` = 4 LIMIT 1   [ RunTime:0.0004s ]
SQL: SELECT * FROM `ysk_user` WHERE `userid` = 3 LIMIT 1   [ RunTime:0.0005s ]
SQL: SELECT COUNT(*) AS tp_count FROM `ysk_user` WHERE `pid` = 3 LIMIT 1   [ RunTime:0.0003s ]
SQL: SELECT * FROM `ysk_user` WHERE `userid` = 1 LIMIT 1   [ RunTime:0.0004s ]
SQL: SELECT COUNT(*) AS tp_count FROM `ysk_user` WHERE `pid` = 2 LIMIT 1   [ RunTime:0.0004s ]
SQL: SELECT * FROM `ysk_user` WHERE `userid` = 1 LIMIT 1   [ RunTime:0.0023s ]
SQL: SELECT COUNT(*) AS tp_count FROM `ysk_user` WHERE `pid` = 1 LIMIT 1   [ RunTime:0.0011s ]
SQL: SELECT * FROM `ysk_user` WHERE `userid` = 0 LIMIT 1   [ RunTime:0.0006s ]
INFO: Run Behavior\ParseTemplateBehavior [ RunTime:0.046925s ]
INFO: [ view_parse ] --END-- [ RunTime:0.046994s ]
INFO: [ view_filter ] --START--
INFO: Run Behavior\WriteHtmlCacheBehavior [ RunTime:0.000794s ]
INFO: [ view_filter ] --END-- [ RunTime:0.000855s ]
INFO: [ app_end ] --START--
INFO: Run Behavior\ShowPageTraceBehavior [ RunTime:0.001052s ]
INFO: [ app_end ] --END-- [ RunTime:0.001108s ]

[ 2019-05-27T15:47:35+08:00 ] 127.0.0.1 /Admin/Pubss/logout.html
INFO: [ app_init ] --START--
INFO: Run Behavior\BuildLiteBehavior [ RunTime:0.000019s ]
INFO: [ app_init ] --END-- [ RunTime:0.000099s ]
INFO: [ app_begin ] --START--
INFO: Run Behavior\ReadHtmlCacheBehavior [ RunTime:0.001401s ]
INFO: Run Common\Behavior\CheckLangBehavior [ RunTime:0.003782s ]
INFO: [ app_begin ] --END-- [ RunTime:0.005310s ]

[ 2019-05-27T15:47:37+08:00 ] 127.0.0.1 /Admin/Pubss/login.html
INFO: [ app_init ] --START--
INFO: Run Behavior\BuildLiteBehavior [ RunTime:0.000015s ]
INFO: [ app_init ] --END-- [ RunTime:0.000075s ]
INFO: [ app_begin ] --START--
INFO: Run Behavior\ReadHtmlCacheBehavior [ RunTime:0.001163s ]
INFO: Run Common\Behavior\CheckLangBehavior [ RunTime:0.002445s ]
INFO: [ app_begin ] --END-- [ RunTime:0.003770s ]
INFO: [ view_parse ] --START--
INFO: [ template_filter ] --START--
INFO: Run Behavior\ContentReplaceBehavior [ RunTime:0.000147s ]
INFO: [ template_filter ] --END-- [ RunTime:0.000195s ]
INFO: Run Behavior\ParseTemplateBehavior [ RunTime:0.017738s ]
INFO: [ view_parse ] --END-- [ RunTime:0.017794s ]
INFO: [ view_filter ] --START--
INFO: Run Behavior\WriteHtmlCacheBehavior [ RunTime:0.000780s ]
INFO: [ view_filter ] --END-- [ RunTime:0.000834s ]
INFO: [ app_end ] --START--
INFO: Run Behavior\ShowPageTraceBehavior [ RunTime:0.001827s ]
INFO: [ app_end ] --END-- [ RunTime:0.002020s ]

[ 2019-05-27T15:47:45+08:00 ] 127.0.0.1 /Admin/pubss/login.html
INFO: [ app_init ] --START--
INFO: Run Behavior\BuildLiteBehavior [ RunTime:0.000013s ]
INFO: [ app_init ] --END-- [ RunTime:0.000064s ]
INFO: [ app_begin ] --START--
INFO: Run Behavior\ReadHtmlCacheBehavior [ RunTime:0.002062s ]
INFO: Run Common\Behavior\CheckLangBehavior [ RunTime:0.004109s ]
INFO: [ app_begin ] --END-- [ RunTime:0.006351s ]
NOTIC: [8] Use of undefined constant MODEL_INSERT - assumed 'MODEL_INSERT' D:\phpStudy\WWW\ThinkPHP\Common\functions.php 第 588 行.
SQL: SHOW COLUMNS FROM `ysk_admin` [ RunTime:0.0098s ]
SQL: SELECT * FROM `ysk_admin` WHERE `username` = 'admin' AND `status` = 1 LIMIT 1   [ RunTime:0.0007s ]
NOTIC: [8] Undefined index: avatar D:\phpStudy\WWW\APP\Admin\Model\ManageModel.class.php 第 91 行.
SQL: SHOW COLUMNS FROM `ysk_upload` [ RunTime:0.0079s ]
NOTIC: [8] Undefined index: email D:\phpStudy\WWW\APP\Admin\Model\ManageModel.class.php 第 94 行.

[ 2019-05-27T15:50:48+08:00 ] 127.0.0.1 /Admin/pubss/login.html
INFO: [ app_init ] --START--
INFO: Run Behavior\BuildLiteBehavior [ RunTime:0.000021s ]
INFO: [ app_init ] --END-- [ RunTime:0.000115s ]
INFO: [ app_begin ] --START--
INFO: Run Behavior\ReadHtmlCacheBehavior [ RunTime:0.002679s ]
INFO: Run Common\Behavior\CheckLangBehavior [ RunTime:0.005458s ]
INFO: [ app_begin ] --END-- [ RunTime:0.008320s ]
NOTIC: [8] Use of undefined constant MODEL_INSERT - assumed 'MODEL_INSERT' D:\phpStudy\WWW\ThinkPHP\Common\functions.php 第 588 行.
SQL: SHOW COLUMNS FROM `ysk_admin` [ RunTime:0.0104s ]
SQL: SELECT * FROM `ysk_admin` WHERE `username` = 'admin' AND `status` = 1 LIMIT 1   [ RunTime:0.0005s ]
NOTIC: [8] Undefined index: avatar D:\phpStudy\WWW\APP\Admin\Model\ManageModel.class.php 第 91 行.
SQL: SHOW COLUMNS FROM `ysk_upload` [ RunTime:0.0103s ]
NOTIC: [8] Undefined index: email D:\phpStudy\WWW\APP\Admin\Model\ManageModel.class.php 第 94 行.

[ 2019-05-27T15:50:56+08:00 ] 127.0.0.1 /Admin/pubss/login.html
INFO: [ app_init ] --START--
INFO: Run Behavior\BuildLiteBehavior [ RunTime:0.000019s ]
INFO: [ app_init ] --END-- [ RunTime:0.000087s ]
INFO: [ app_begin ] --START--
INFO: Run Behavior\ReadHtmlCacheBehavior [ RunTime:0.002795s ]
INFO: Run Common\Behavior\CheckLangBehavior [ RunTime:0.005280s ]
INFO: [ app_begin ] --END-- [ RunTime:0.008258s ]
NOTIC: [8] Use of undefined constant MODEL_INSERT - assumed 'MODEL_INSERT' D:\phpStudy\WWW\ThinkPHP\Common\functions.php 第 588 行.
SQL: SHOW COLUMNS FROM `ysk_admin` [ RunTime:0.0098s ]
SQL: SELECT * FROM `ysk_admin` WHERE `username` = 'admin' AND `status` = 1 LIMIT 1   [ RunTime:0.0005s ]
NOTIC: [8] Undefined index: avatar D:\phpStudy\WWW\APP\Admin\Model\ManageModel.class.php 第 91 行.
SQL: SHOW COLUMNS FROM `ysk_upload` [ RunTime:0.0083s ]
NOTIC: [8] Undefined index: email D:\phpStudy\WWW\APP\Admin\Model\ManageModel.class.php 第 94 行.

[ 2019-05-27T16:04:02+08:00 ] 127.0.0.1 /Admin/pubss/login.html
INFO: [ app_init ] --START--
INFO: Run Behavior\BuildLiteBehavior [ RunTime:0.000020s ]
INFO: [ app_init ] --END-- [ RunTime:0.000111s ]
INFO: [ app_begin ] --START--
INFO: Run Behavior\ReadHtmlCacheBehavior [ RunTime:0.003218s ]
INFO: Run Common\Behavior\CheckLangBehavior [ RunTime:0.004981s ]
INFO: [ app_begin ] --END-- [ RunTime:0.008355s ]
NOTIC: [8] Use of undefined constant MODEL_INSERT - assumed 'MODEL_INSERT' D:\phpStudy\WWW\ThinkPHP\Common\functions.php 第 588 行.
SQL: SHOW COLUMNS FROM `ysk_admin` [ RunTime:0.0094s ]
SQL: SELECT * FROM `ysk_admin` WHERE `username` = 'admin' AND `status` = 1 LIMIT 1   [ RunTime:0.0006s ]
NOTIC: [8] Undefined index: avatar D:\phpStudy\WWW\APP\Admin\Model\ManageModel.class.php 第 91 行.
SQL: SHOW COLUMNS FROM `ysk_upload` [ RunTime:0.0078s ]
NOTIC: [8] Undefined index: email D:\phpStudy\WWW\APP\Admin\Model\ManageModel.class.php 第 94 行.
SQL: SHOW COLUMNS FROM `ysk_group` [ RunTime:0.0076s ]
SQL: SELECT * FROM `ysk_group` WHERE `id` = 1 LIMIT 1   [ RunTime:0.0004s ]
NOTIC: [8] Undefined index: avatar D:\phpStudy\WWW\APP\Admin\Model\ManageModel.class.php 第 189 行.

[ 2019-05-27T16:04:04+08:00 ] 127.0.0.1 /Admin/Index/index.html
INFO: [ app_init ] --START--
INFO: Run Behavior\BuildLiteBehavior [ RunTime:0.000017s ]
INFO: [ app_init ] --END-- [ RunTime:0.000085s ]
INFO: [ app_begin ] --START--
INFO: Run Behavior\ReadHtmlCacheBehavior [ RunTime:0.002700s ]
INFO: Run Common\Behavior\CheckLangBehavior [ RunTime:0.005055s ]
INFO: [ app_begin ] --END-- [ RunTime:0.008044s ]
NOTIC: [8] Use of undefined constant MODEL_INSERT - assumed 'MODEL_INSERT' D:\phpStudy\WWW\ThinkPHP\Common\functions.php 第 588 行.
SQL: SHOW COLUMNS FROM `ysk_admin` [ RunTime:0.0074s ]
SQL: SHOW COLUMNS FROM `ysk_menu` [ RunTime:0.0079s ]
SQL: SELECT `pid`,`gid`,`name` FROM `ysk_menu` WHERE `col` = 'Index' AND `status` = 1 AND `level` = 2 LIMIT 1   [ RunTime:0.0005s ]
SQL: SELECT `name` FROM `ysk_menu` WHERE `id` = null LIMIT 1   [ RunTime:0.0003s ]
SQL: SELECT `name` FROM `ysk_menu` WHERE `id` = null LIMIT 1   [ RunTime:0.0003s ]
NOTIC: [8] Undefined index: gid D:\phpStudy\WWW\APP\Admin\Controller\AdminController.class.php 第 56 行.
SQL: SHOW COLUMNS FROM `ysk_admin` [ RunTime:0.0085s ]
SQL: SELECT `auth_id` FROM `ysk_admin` WHERE `id` = 1 LIMIT 1   [ RunTime:0.0004s ]
SQL: SELECT * FROM `ysk_menu` WHERE `status` = 1 AND `level` = 1 AND `gid` = 1 ORDER BY sort asc, id asc  [ RunTime:0.0005s ]
SQL: SELECT * FROM `ysk_menu` WHERE `status` = 1 AND `level` = 2 AND `gid` = 1 ORDER BY sort asc, id asc  [ RunTime:0.0006s ]
SQL: SELECT `auth_id` FROM `ysk_admin` WHERE `id` = 1 LIMIT 1   [ RunTime:0.0003s ]
SQL: SELECT * FROM `ysk_menu` WHERE `status` = 1 AND `level` = 0 ORDER BY sort asc, id asc  [ RunTime:0.0005s ]
SQL: SELECT `col`,`act` FROM `ysk_menu` WHERE `level` = 2 AND `gid` = 1 ORDER BY sort asc, id asc LIMIT 1   [ RunTime:0.0006s ]
SQL: SELECT COUNT(1) AS tp_count FROM `ysk_menu` WHERE `col` = 'Index' AND `act` = 'index' LIMIT 1   [ RunTime:0.0011s ]
SQL: SHOW COLUMNS FROM `ysk_user` [ RunTime:0.0092s ]
SQL: SELECT COUNT(*) AS tp_count FROM `ysk_user` LIMIT 1   [ RunTime:0.0003s ]
SQL: SELECT COUNT(*) AS tp_count FROM `ysk_user` WHERE ( reg_date BETWEEN 1558886400 AND 1558972800 ) LIMIT 1   [ RunTime:0.0004s ]
SQL: SELECT SUM(money) AS tp_sum FROM `ysk_user` LIMIT 1   [ RunTime:0.0003s ]
SQL: SHOW COLUMNS FROM `ysk_recharge` [ RunTime:0.0086s ]
SQL: SELECT SUM(price) AS tp_sum FROM `ysk_recharge` LIMIT 1   [ RunTime:0.0005s ]
SQL: SHOW COLUMNS FROM `ysk_withdraw` [ RunTime:0.0071s ]
SQL: SELECT SUM(price) AS tp_sum FROM `ysk_withdraw` LIMIT 1   [ RunTime:0.0004s ]
SQL: SHOW COLUMNS FROM `ysk_userrob` [ RunTime:0.0089s ]
SQL: SELECT COUNT(*) AS tp_count FROM `ysk_userrob` WHERE `status` = 2 LIMIT 1   [ RunTime:0.0004s ]
SQL: SELECT COUNT(*) AS tp_count FROM `ysk_userrob` WHERE `status` = 1 LIMIT 1   [ RunTime:0.0003s ]
SQL: SELECT COUNT(*) AS tp_count FROM `ysk_userrob` WHERE `status` = 3 LIMIT 1   [ RunTime:0.0003s ]
SQL: SELECT SUM(price) AS tp_sum FROM `ysk_userrob` WHERE `status` = 3 LIMIT 1   [ RunTime:0.0003s ]
SQL: SELECT SUM(price) AS tp_sum FROM `ysk_userrob` WHERE `status` = 2 LIMIT 1   [ RunTime:0.0003s ]
SQL: SHOW COLUMNS FROM `ysk_roborder` [ RunTime:0.0072s ]
SQL: SELECT SUM(price) AS tp_sum FROM `ysk_roborder` WHERE `status` = 1 LIMIT 1   [ RunTime:0.0004s ]
SQL: SELECT COUNT(*) AS tp_count FROM `ysk_roborder` WHERE `status` = 1 LIMIT 1   [ RunTime:0.0004s ]
SQL: SHOW COLUMNS FROM `ysk_somebill` [ RunTime:0.0073s ]
SQL: SELECT SUM(num) AS tp_sum FROM `ysk_somebill` WHERE `jl_class` = 1 LIMIT 1   [ RunTime:0.0003s ]
INFO: [ view_parse ] --START--
INFO: [ template_filter ] --START--
INFO: Run Behavior\ContentReplaceBehavior [ RunTime:0.000214s ]
INFO: [ template_filter ] --END-- [ RunTime:0.000267s ]
NOTIC: [8] Undefined variable: _user_auth D:\phpStudy\WWW\APP\Runtime\Cache\Admin\4d73593ea9413cb83b430e59017e71c1.php 第 70 行.
INFO: Run Behavior\ParseTemplateBehavior [ RunTime:0.092941s ]
INFO: [ view_parse ] --END-- [ RunTime:0.093008s ]
INFO: [ view_filter ] --START--
INFO: Run Behavior\WriteHtmlCacheBehavior [ RunTime:0.001604s ]
INFO: [ view_filter ] --END-- [ RunTime:0.001672s ]
INFO: [ app_end ] --START--
INFO: Run Behavior\ShowPageTraceBehavior [ RunTime:0.004547s ]
INFO: [ app_end ] --END-- [ RunTime:0.004689s ]

