[ 2020-04-18T18:38:32+08:00 ] 127.0.0.1 /Admin/Index/seeNum.html
INFO: [ app_init ] --START--
INFO: Run Behavior\BuildLiteBehavior [ RunTime:0.000010s ]
INFO: [ app_init ] --END-- [ RunTime:0.000071s ]
INFO: [ app_begin ] --START--
INFO: Run Behavior\ReadHtmlCacheBehavior [ RunTime:0.000820s ]
INFO: Run Common\Behavior\CheckLangBehavior [ RunTime:0.001552s ]
INFO: [ app_begin ] --END-- [ RunTime:0.002436s ]
NOTIC: [8] Use of undefined constant MODEL_INSERT - assumed 'MODEL_INSERT' D:\php\PHPTutorial\WWW\wxpaofen\run\paofen\ThinkPHP\Common\functions.php 第 588 行.
SQL: SHOW COLUMNS FROM `ysk_admin` [ RunTime:0.0036s ]
SQL: SHOW COLUMNS FROM `ysk_group` [ RunTime:0.0032s ]
SQL: SHOW COLUMNS FROM `ysk_menu` [ RunTime:0.0033s ]
SQL: SHOW COLUMNS FROM `ysk_admin` [ RunTime:0.0031s ]
SQL: SELECT `auth_id` FROM `ysk_admin` WHERE `id` = 5 LIMIT 1   [ RunTime:0.0002s ]
SQL: SELECT `pid`,`gid`,`name` FROM `ysk_menu` WHERE `col` = 'Index' AND `status` = 1 AND `level` = 2 LIMIT 1   [ RunTime:0.0002s ]
SQL: SELECT `name` FROM `ysk_menu` WHERE `id` = null LIMIT 1   [ RunTime:0.0001s ]
SQL: SELECT `name` FROM `ysk_menu` WHERE `id` = null LIMIT 1   [ RunTime:0.0001s ]
NOTIC: [8] Undefined index: gid D:\php\PHPTutorial\WWW\wxpaofen\run\paofen\APP\Admin\Controller\AdminController.class.php 第 49 行.
SQL: SELECT `auth_id` FROM `ysk_admin` WHERE `id` = 5 LIMIT 1   [ RunTime:0.0001s ]
SQL: SELECT * FROM `ysk_menu` WHERE `status` = 1 AND `level` = 1 AND `gid` = 1 ORDER BY sort asc, id asc  [ RunTime:0.0002s ]
SQL: SELECT * FROM `ysk_menu` WHERE `status` = 1 AND `level` = 2 AND `gid` = 1 ORDER BY sort asc, id asc  [ RunTime:0.0003s ]
SQL: SELECT `auth_id` FROM `ysk_admin` WHERE `id` = 5 LIMIT 1   [ RunTime:0.0002s ]
SQL: SELECT * FROM `ysk_menu` WHERE `status` = 1 AND `level` = 0 ORDER BY sort asc, id asc  [ RunTime:0.0002s ]
SQL: SELECT `col`,`act` FROM `ysk_menu` WHERE `level` = 2 AND `gid` = 1 ORDER BY sort asc, id asc LIMIT 1   [ RunTime:0.0002s ]
SQL: SELECT COUNT(1) AS tp_count FROM `ysk_menu` WHERE `col` = 'Index' AND `act` = 'seeNum' LIMIT 1   [ RunTime:0.0002s ]
SQL: SHOW COLUMNS FROM `ysk_recharge` [ RunTime:0.0032s ]
SQL: SELECT COUNT(*) AS tp_count FROM `ysk_recharge` WHERE `status` = 1 LIMIT 1   [ RunTime:0.0002s ]
SQL: SHOW COLUMNS FROM `ysk_withdraw` [ RunTime:0.0031s ]
SQL: SELECT COUNT(*) AS tp_count FROM `ysk_withdraw` WHERE `status` = 1 LIMIT 1   [ RunTime:0.0002s ]
SQL: SHOW COLUMNS FROM `ysk_userrob` [ RunTime:0.0033s ]
SQL: SELECT COUNT(*) AS tp_count FROM `ysk_userrob` WHERE `status` = 2 LIMIT 1   [ RunTime:0.0002s ]
SQL: SELECT COUNT(*) AS tp_count FROM `ysk_userrob` WHERE `ts` > 0 AND `status` < 3 LIMIT 1   [ RunTime:0.0002s ]

