[ 2019-06-07T02:44:28+08:00 ] 127.0.0.1 /User/Sharecode.html
INFO: [ app_init ] --START--
INFO: Run Behavior\BuildLiteBehavior [ RunTime:0.000016s ]
INFO: [ app_init ] --END-- [ RunTime:0.000079s ]
INFO: [ app_begin ] --START--
INFO: Run Behavior\ReadHtmlCacheBehavior [ RunTime:0.003704s ]
INFO: Run Common\Behavior\CheckLangBehavior [ RunTime:0.014715s ]
INFO: [ app_begin ] --END-- [ RunTime:0.018500s ]
SQL: SHOW COLUMNS FROM `ysk_config` [ RunTime:0.0229s ]
SQL: SELECT `value`,`tip` FROM `ysk_config` WHERE `name` = 'TOGGLE_WEB_SITE' LIMIT 1   [ RunTime:0.0002s ]
SQL: SHOW COLUMNS FROM `ysk_user` [ RunTime:0.0237s ]
SQL: SHOW COLUMNS FROM `ysk_user` [ RunTime:0.0230s ]
SQL: SELECT `status`,`session_id` FROM `ysk_user` WHERE `userid` = 1 LIMIT 1   [ RunTime:0.0002s ]
SQL: SELECT `u_yqm` FROM `ysk_user` WHERE `userid` = 1 LIMIT 1   [ RunTime:0.0002s ]
INFO: [ view_parse ] --START--
INFO: [ template_filter ] --START--
INFO: Run Behavior\ContentReplaceBehavior [ RunTime:0.000047s ]
INFO: [ template_filter ] --END-- [ RunTime:0.000082s ]
INFO: Run Behavior\ParseTemplateBehavior [ RunTime:0.034353s ]
INFO: [ view_parse ] --END-- [ RunTime:0.034405s ]
INFO: [ view_filter ] --START--
INFO: Run Behavior\WriteHtmlCacheBehavior [ RunTime:0.002818s ]
INFO: [ view_filter ] --END-- [ RunTime:0.002844s ]
INFO: [ app_end ] --START--
INFO: Run Behavior\ShowPageTraceBehavior [ RunTime:0.002984s ]
INFO: [ app_end ] --END-- [ RunTime:0.003011s ]

[ 2019-06-07T02:44:28+08:00 ] 127.0.0.1 /Public/home/wap/images/jiant.png
INFO: [ app_init ] --START--
INFO: Run Behavior\BuildLiteBehavior [ RunTime:0.000011s ]
INFO: [ app_init ] --END-- [ RunTime:0.000060s ]

[ 2019-06-07T02:44:29+08:00 ] 127.0.0.1 /Public/home/wap/images/bag-fx.png
INFO: [ app_init ] --START--
INFO: Run Behavior\BuildLiteBehavior [ RunTime:0.000010s ]
INFO: [ app_init ] --END-- [ RunTime:0.000051s ]

[ 2019-06-07T02:44:35+08:00 ] 127.0.0.1 /User/erweima.html
INFO: [ app_init ] --START--
INFO: Run Behavior\BuildLiteBehavior [ RunTime:0.000010s ]
INFO: [ app_init ] --END-- [ RunTime:0.000058s ]
INFO: [ app_begin ] --START--
INFO: Run Behavior\ReadHtmlCacheBehavior [ RunTime:0.002495s ]
INFO: Run Common\Behavior\CheckLangBehavior [ RunTime:0.011534s ]
INFO: [ app_begin ] --END-- [ RunTime:0.014109s ]
SQL: SHOW COLUMNS FROM `ysk_config` [ RunTime:0.0219s ]
SQL: SELECT `value`,`tip` FROM `ysk_config` WHERE `name` = 'TOGGLE_WEB_SITE' LIMIT 1   [ RunTime:0.0002s ]
SQL: SHOW COLUMNS FROM `ysk_user` [ RunTime:0.0234s ]
SQL: SHOW COLUMNS FROM `ysk_user` [ RunTime:0.0232s ]
SQL: SELECT `status`,`session_id` FROM `ysk_user` WHERE `userid` = 1 LIMIT 1   [ RunTime:0.0002s ]
INFO: [ view_parse ] --START--
INFO: [ template_filter ] --START--
INFO: Run Behavior\ContentReplaceBehavior [ RunTime:0.000040s ]
INFO: [ template_filter ] --END-- [ RunTime:0.000079s ]
INFO: Run Behavior\ParseTemplateBehavior [ RunTime:0.018331s ]
INFO: [ view_parse ] --END-- [ RunTime:0.018376s ]
INFO: [ view_filter ] --START--
INFO: Run Behavior\WriteHtmlCacheBehavior [ RunTime:0.002149s ]
INFO: [ view_filter ] --END-- [ RunTime:0.002178s ]
INFO: [ app_end ] --START--
INFO: Run Behavior\ShowPageTraceBehavior [ RunTime:0.002897s ]
INFO: [ app_end ] --END-- [ RunTime:0.002932s ]

[ 2019-06-07T02:44:40+08:00 ] 127.0.0.1 /User/shezhi.html
INFO: [ app_init ] --START--
INFO: Run Behavior\BuildLiteBehavior [ RunTime:0.000010s ]
INFO: [ app_init ] --END-- [ RunTime:0.000055s ]
INFO: [ app_begin ] --START--
INFO: Run Behavior\ReadHtmlCacheBehavior [ RunTime:0.003773s ]
INFO: Run Common\Behavior\CheckLangBehavior [ RunTime:0.009503s ]
INFO: [ app_begin ] --END-- [ RunTime:0.013353s ]
SQL: SHOW COLUMNS FROM `ysk_config` [ RunTime:0.0205s ]
SQL: SELECT `value`,`tip` FROM `ysk_config` WHERE `name` = 'TOGGLE_WEB_SITE' LIMIT 1   [ RunTime:0.0003s ]
SQL: SHOW COLUMNS FROM `ysk_user` [ RunTime:0.0199s ]
SQL: SHOW COLUMNS FROM `ysk_user` [ RunTime:0.0219s ]
SQL: SELECT `status`,`session_id` FROM `ysk_user` WHERE `userid` = 1 LIMIT 1   [ RunTime:0.0003s ]
INFO: [ view_parse ] --START--
INFO: [ template_filter ] --START--
INFO: Run Behavior\ContentReplaceBehavior [ RunTime:0.000039s ]
INFO: [ template_filter ] --END-- [ RunTime:0.000072s ]
INFO: Run Behavior\ParseTemplateBehavior [ RunTime:0.014249s ]
INFO: [ view_parse ] --END-- [ RunTime:0.014287s ]
INFO: [ view_filter ] --START--
INFO: Run Behavior\WriteHtmlCacheBehavior [ RunTime:0.002185s ]
INFO: [ view_filter ] --END-- [ RunTime:0.002212s ]
INFO: [ app_end ] --START--
INFO: Run Behavior\ShowPageTraceBehavior [ RunTime:0.002073s ]
INFO: [ app_end ] --END-- [ RunTime:0.002099s ]

[ 2019-06-07T02:44:45+08:00 ] 127.0.0.1 /User/shezhi.html
INFO: [ app_init ] --START--
INFO: Run Behavior\BuildLiteBehavior [ RunTime:0.000009s ]
INFO: [ app_init ] --END-- [ RunTime:0.000056s ]
INFO: [ app_begin ] --START--
INFO: Run Behavior\ReadHtmlCacheBehavior [ RunTime:0.002618s ]
INFO: Run Common\Behavior\CheckLangBehavior [ RunTime:0.011176s ]
INFO: [ app_begin ] --END-- [ RunTime:0.013888s ]
SQL: SHOW COLUMNS FROM `ysk_config` [ RunTime:0.0223s ]
SQL: SELECT `value`,`tip` FROM `ysk_config` WHERE `name` = 'TOGGLE_WEB_SITE' LIMIT 1   [ RunTime:0.0003s ]
SQL: SHOW COLUMNS FROM `ysk_user` [ RunTime:0.0218s ]
SQL: SHOW COLUMNS FROM `ysk_user` [ RunTime:0.0229s ]
SQL: SELECT `status`,`session_id` FROM `ysk_user` WHERE `userid` = 1 LIMIT 1   [ RunTime:0.0002s ]
INFO: [ view_parse ] --START--
INFO: [ template_filter ] --START--
INFO: Run Behavior\ContentReplaceBehavior [ RunTime:0.000047s ]
INFO: [ template_filter ] --END-- [ RunTime:0.000089s ]
INFO: Run Behavior\ParseTemplateBehavior [ RunTime:0.015860s ]
INFO: [ view_parse ] --END-- [ RunTime:0.015898s ]
INFO: [ view_filter ] --START--
INFO: Run Behavior\WriteHtmlCacheBehavior [ RunTime:0.002196s ]
INFO: [ view_filter ] --END-- [ RunTime:0.002225s ]
INFO: [ app_end ] --START--
INFO: Run Behavior\ShowPageTraceBehavior [ RunTime:0.002498s ]
INFO: [ app_end ] --END-- [ RunTime:0.002525s ]

[ 2019-06-07T02:44:47+08:00 ] 127.0.0.1 /User/Loginout.html
INFO: [ app_init ] --START--
INFO: Run Behavior\BuildLiteBehavior [ RunTime:0.000009s ]
INFO: [ app_init ] --END-- [ RunTime:0.000044s ]
INFO: [ app_begin ] --START--
INFO: Run Behavior\ReadHtmlCacheBehavior [ RunTime:0.002371s ]
INFO: Run Common\Behavior\CheckLangBehavior [ RunTime:0.011499s ]
INFO: [ app_begin ] --END-- [ RunTime:0.013947s ]
SQL: SHOW COLUMNS FROM `ysk_config` [ RunTime:0.0200s ]
SQL: SELECT `value`,`tip` FROM `ysk_config` WHERE `name` = 'TOGGLE_WEB_SITE' LIMIT 1   [ RunTime:0.0002s ]
SQL: SHOW COLUMNS FROM `ysk_user` [ RunTime:0.0199s ]
SQL: SHOW COLUMNS FROM `ysk_user` [ RunTime:0.0213s ]
SQL: SELECT `status`,`session_id` FROM `ysk_user` WHERE `userid` = 1 LIMIT 1   [ RunTime:0.0003s ]

[ 2019-06-07T02:44:47+08:00 ] 127.0.0.1 /Login/login.html
INFO: [ app_init ] --START--
INFO: Run Behavior\BuildLiteBehavior [ RunTime:0.000009s ]
INFO: [ app_init ] --END-- [ RunTime:0.000043s ]
INFO: [ app_begin ] --START--
INFO: Run Behavior\ReadHtmlCacheBehavior [ RunTime:0.002125s ]
INFO: Run Common\Behavior\CheckLangBehavior [ RunTime:0.009208s ]
INFO: [ app_begin ] --END-- [ RunTime:0.011401s ]
SQL: SHOW COLUMNS FROM `ysk_config` [ RunTime:0.0194s ]
SQL: SELECT `value`,`tip` FROM `ysk_config` WHERE `name` = 'TOGGLE_WEB_SITE' LIMIT 1   [ RunTime:0.0002s ]
INFO: [ view_parse ] --START--
INFO: [ template_filter ] --START--
INFO: Run Behavior\ContentReplaceBehavior [ RunTime:0.000042s ]
INFO: [ template_filter ] --END-- [ RunTime:0.000076s ]
NOTIC: [8] Undefined variable: account C:\Users\lwg\Desktop\1\APP\Runtime\Cache\Home\6dbce1cb7c0dde839718c0b7332903b5.php 第 22 行.
INFO: Run Behavior\ParseTemplateBehavior [ RunTime:0.015884s ]
INFO: [ view_parse ] --END-- [ RunTime:0.015915s ]
INFO: [ view_filter ] --START--
INFO: Run Behavior\WriteHtmlCacheBehavior [ RunTime:0.001897s ]
INFO: [ view_filter ] --END-- [ RunTime:0.001923s ]
INFO: [ app_end ] --START--
INFO: Run Behavior\ShowPageTraceBehavior [ RunTime:0.002039s ]
INFO: [ app_end ] --END-- [ RunTime:0.002064s ]

[ 2019-06-07T02:50:41+08:00 ] 127.0.0.1 /logo.png
INFO: [ app_init ] --START--
INFO: Run Behavior\BuildLiteBehavior [ RunTime:0.000010s ]
INFO: [ app_init ] --END-- [ RunTime:0.000053s ]

[ 2019-06-07T02:51:45+08:00 ] 127.0.0.1 /
INFO: [ app_init ] --START--
INFO: Run Behavior\BuildLiteBehavior [ RunTime:0.000009s ]
INFO: [ app_init ] --END-- [ RunTime:0.000052s ]
INFO: [ app_begin ] --START--
INFO: Run Behavior\ReadHtmlCacheBehavior [ RunTime:0.002797s ]
INFO: Run Common\Behavior\CheckLangBehavior [ RunTime:0.010130s ]
INFO: [ app_begin ] --END-- [ RunTime:0.013008s ]
SQL: SHOW COLUMNS FROM `ysk_config` [ RunTime:0.0278s ]
SQL: SELECT `value`,`tip` FROM `ysk_config` WHERE `name` = 'TOGGLE_WEB_SITE' LIMIT 1   [ RunTime:0.0002s ]
SQL: SHOW COLUMNS FROM `ysk_user` [ RunTime:0.0537s ]
SQL: SHOW COLUMNS FROM `ysk_user` [ RunTime:0.0250s ]

[ 2019-06-07T02:51:45+08:00 ] 127.0.0.1 /Login/login.html
INFO: [ app_init ] --START--
INFO: Run Behavior\BuildLiteBehavior [ RunTime:0.000011s ]
INFO: [ app_init ] --END-- [ RunTime:0.000054s ]
INFO: [ app_begin ] --START--
INFO: Run Behavior\ReadHtmlCacheBehavior [ RunTime:0.003133s ]
INFO: Run Common\Behavior\CheckLangBehavior [ RunTime:0.011359s ]
INFO: [ app_begin ] --END-- [ RunTime:0.014574s ]
SQL: SHOW COLUMNS FROM `ysk_config` [ RunTime:0.0229s ]
SQL: SELECT `value`,`tip` FROM `ysk_config` WHERE `name` = 'TOGGLE_WEB_SITE' LIMIT 1   [ RunTime:0.0002s ]
INFO: [ view_parse ] --START--
INFO: [ template_filter ] --START--
INFO: Run Behavior\ContentReplaceBehavior [ RunTime:0.000042s ]
INFO: [ template_filter ] --END-- [ RunTime:0.000077s ]
NOTIC: [8] Undefined variable: account C:\Users\lwg\Desktop\1\APP\Runtime\Cache\Home\6dbce1cb7c0dde839718c0b7332903b5.php 第 22 行.
INFO: Run Behavior\ParseTemplateBehavior [ RunTime:0.022598s ]
INFO: [ view_parse ] --END-- [ RunTime:0.022631s ]
INFO: [ view_filter ] --START--
INFO: Run Behavior\WriteHtmlCacheBehavior [ RunTime:0.002368s ]
INFO: [ view_filter ] --END-- [ RunTime:0.002398s ]
INFO: [ app_end ] --START--
INFO: Run Behavior\ShowPageTraceBehavior [ RunTime:0.002317s ]
INFO: [ app_end ] --END-- [ RunTime:0.002347s ]

[ 2019-06-07T02:51:45+08:00 ] 127.0.0.1 /favicon.ico
INFO: [ app_init ] --START--
INFO: Run Behavior\BuildLiteBehavior [ RunTime:0.000010s ]
INFO: [ app_init ] --END-- [ RunTime:0.000050s ]

[ 2019-06-07T02:52:01+08:00 ] 127.0.0.1 /
INFO: [ app_init ] --START--
INFO: Run Behavior\BuildLiteBehavior [ RunTime:0.000011s ]
INFO: [ app_init ] --END-- [ RunTime:0.000054s ]
INFO: [ app_begin ] --START--
INFO: Run Behavior\ReadHtmlCacheBehavior [ RunTime:0.002754s ]
INFO: Run Common\Behavior\CheckLangBehavior [ RunTime:0.012409s ]
INFO: [ app_begin ] --END-- [ RunTime:0.015244s ]
SQL: SHOW COLUMNS FROM `ysk_config` [ RunTime:0.0221s ]
SQL: SELECT `value`,`tip` FROM `ysk_config` WHERE `name` = 'TOGGLE_WEB_SITE' LIMIT 1   [ RunTime:0.0002s ]
SQL: SHOW COLUMNS FROM `ysk_user` [ RunTime:0.0221s ]
SQL: SHOW COLUMNS FROM `ysk_user` [ RunTime:0.0215s ]

[ 2019-06-07T02:52:02+08:00 ] 127.0.0.1 /Login/login.html
INFO: [ app_init ] --START--
INFO: Run Behavior\BuildLiteBehavior [ RunTime:0.000010s ]
INFO: [ app_init ] --END-- [ RunTime:0.000053s ]
INFO: [ app_begin ] --START--
INFO: Run Behavior\ReadHtmlCacheBehavior [ RunTime:0.002214s ]
INFO: Run Common\Behavior\CheckLangBehavior [ RunTime:0.010178s ]
INFO: [ app_begin ] --END-- [ RunTime:0.012469s ]
SQL: SHOW COLUMNS FROM `ysk_config` [ RunTime:0.0215s ]
SQL: SELECT `value`,`tip` FROM `ysk_config` WHERE `name` = 'TOGGLE_WEB_SITE' LIMIT 1   [ RunTime:0.0003s ]
INFO: [ view_parse ] --START--
INFO: [ template_filter ] --START--
INFO: Run Behavior\ContentReplaceBehavior [ RunTime:0.000044s ]
INFO: [ template_filter ] --END-- [ RunTime:0.000082s ]
NOTIC: [8] Undefined variable: account C:\Users\lwg\Desktop\1\APP\Runtime\Cache\Home\6dbce1cb7c0dde839718c0b7332903b5.php 第 22 行.
INFO: Run Behavior\ParseTemplateBehavior [ RunTime:0.015382s ]
INFO: [ view_parse ] --END-- [ RunTime:0.015415s ]
INFO: [ view_filter ] --START--
INFO: Run Behavior\WriteHtmlCacheBehavior [ RunTime:0.002130s ]
INFO: [ view_filter ] --END-- [ RunTime:0.002163s ]
INFO: [ app_end ] --START--
INFO: Run Behavior\ShowPageTraceBehavior [ RunTime:0.002198s ]
INFO: [ app_end ] --END-- [ RunTime:0.002226s ]

[ 2019-06-07T02:54:33+08:00 ] 127.0.0.1 /Login/checkLogin.html
INFO: [ app_init ] --START--
INFO: Run Behavior\BuildLiteBehavior [ RunTime:0.000009s ]
INFO: [ app_init ] --END-- [ RunTime:0.000044s ]
INFO: [ app_begin ] --START--
INFO: Run Behavior\ReadHtmlCacheBehavior [ RunTime:0.002184s ]
INFO: Run Common\Behavior\CheckLangBehavior [ RunTime:0.008546s ]
INFO: [ app_begin ] --END-- [ RunTime:0.010795s ]
SQL: SHOW COLUMNS FROM `ysk_user` [ RunTime:0.0197s ]
SQL: SELECT * FROM `ysk_user` WHERE ( `mobile` = '13888888888' OR `account` = '13888888888' OR `userid` = '13888888888' ) LIMIT 1   [ RunTime:0.0004s ]
SQL: UPDATE `ysk_user` SET `session_id`='pleueoouoe8bmofujg6apucrn6' WHERE ( `mobile` = '13888888888' OR `account` = '13888888888' OR `userid` = '13888888888' ) [ RunTime:0.0003s ]
SQL: SELECT * FROM `ysk_user` WHERE ( `mobile` = '13888888888' OR `account` = '13888888888' OR `userid` = '13888888888' ) LIMIT 1   [ RunTime:0.0003s ]
SQL: UPDATE `ysk_user` SET `session_id`='pleueoouoe8bmofujg6apucrn6' WHERE ( `mobile` = '13888888888' OR `account` = '13888888888' OR `userid` = '13888888888' ) [ RunTime:0.0002s ]

[ 2019-06-07T02:54:34+08:00 ] 127.0.0.1 /User/index.html
INFO: [ app_init ] --START--
INFO: Run Behavior\BuildLiteBehavior [ RunTime:0.000011s ]
INFO: [ app_init ] --END-- [ RunTime:0.000056s ]
INFO: [ app_begin ] --START--
INFO: Run Behavior\ReadHtmlCacheBehavior [ RunTime:0.002517s ]
INFO: Run Common\Behavior\CheckLangBehavior [ RunTime:0.010429s ]
INFO: [ app_begin ] --END-- [ RunTime:0.013029s ]
SQL: SHOW COLUMNS FROM `ysk_config` [ RunTime:0.0198s ]
SQL: SELECT `value`,`tip` FROM `ysk_config` WHERE `name` = 'TOGGLE_WEB_SITE' LIMIT 1   [ RunTime:0.0002s ]
SQL: SHOW COLUMNS FROM `ysk_user` [ RunTime:0.0206s ]
SQL: SHOW COLUMNS FROM `ysk_user` [ RunTime:0.0197s ]
SQL: SELECT `status`,`session_id` FROM `ysk_user` WHERE `userid` = 1 LIMIT 1   [ RunTime:0.0002s ]
SQL: SELECT * FROM `ysk_user` WHERE `userid` = 1 LIMIT 1   [ RunTime:0.0003s ]
INFO: [ view_parse ] --START--
INFO: [ template_filter ] --START--
INFO: Run Behavior\ContentReplaceBehavior [ RunTime:0.000057s ]
INFO: [ template_filter ] --END-- [ RunTime:0.000089s ]
INFO: Run Behavior\ParseTemplateBehavior [ RunTime:0.021202s ]
INFO: [ view_parse ] --END-- [ RunTime:0.021242s ]
INFO: [ view_filter ] --START--
INFO: Run Behavior\WriteHtmlCacheBehavior [ RunTime:0.001963s ]
INFO: [ view_filter ] --END-- [ RunTime:0.001992s ]
INFO: [ app_end ] --START--
INFO: Run Behavior\ShowPageTraceBehavior [ RunTime:0.002079s ]
INFO: [ app_end ] --END-- [ RunTime:0.002106s ]

