[ 2019-05-27T15:45:28+08:00 ] 127.0.0.1 /
INFO: [ app_init ] --START--
INFO: Run Behavior\BuildLiteBehavior [ RunTime:0.000013s ]
INFO: [ app_init ] --END-- [ RunTime:0.000124s ]
INFO: [ app_begin ] --START--
INFO: Run Behavior\ReadHtmlCacheBehavior [ RunTime:0.001954s ]
INFO: Run Common\Behavior\CheckLangBehavior [ RunTime:0.006850s ]
INFO: [ app_begin ] --END-- [ RunTime:0.009018s ]
SQL: SHOW COLUMNS FROM `ysk_config` [ RunTime:0.0101s ]
SQL: SELECT `value`,`tip` FROM `ysk_config` WHERE `name` = 'TOGGLE_WEB_SITE' LIMIT 1   [ RunTime:0.0004s ]
SQL: SHOW COLUMNS FROM `ysk_user` [ RunTime:0.0098s ]
SQL: SHOW COLUMNS FROM `ysk_user` [ RunTime:0.0074s ]
SQL: SELECT `status`,`session_id` FROM `ysk_user` WHERE `userid` = 8 LIMIT 1   [ RunTime:0.0004s ]
SQL: SELECT * FROM `ysk_user` ORDER BY zsy desc LIMIT 10   [ RunTime:0.0007s ]
INFO: [ view_parse ] --START--
INFO: [ template_filter ] --START--
INFO: Run Behavior\ContentReplaceBehavior [ RunTime:0.000086s ]
INFO: [ template_filter ] --END-- [ RunTime:0.000167s ]
INFO: Run Behavior\ParseTemplateBehavior [ RunTime:0.014950s ]
INFO: [ view_parse ] --END-- [ RunTime:0.015030s ]
INFO: [ view_filter ] --START--
INFO: Run Behavior\WriteHtmlCacheBehavior [ RunTime:0.000817s ]
INFO: [ view_filter ] --END-- [ RunTime:0.000877s ]
INFO: [ app_end ] --START--
INFO: Run Behavior\ShowPageTraceBehavior [ RunTime:0.001070s ]
INFO: [ app_end ] --END-- [ RunTime:0.001124s ]

[ 2019-05-27T15:45:59+08:00 ] 127.0.0.1 /
INFO: [ app_init ] --START--
INFO: Run Behavior\BuildLiteBehavior [ RunTime:0.000030s ]
INFO: [ app_init ] --END-- [ RunTime:0.000123s ]
INFO: [ app_begin ] --START--
INFO: Run Behavior\ReadHtmlCacheBehavior [ RunTime:0.001293s ]
INFO: Run Common\Behavior\CheckLangBehavior [ RunTime:0.003347s ]
INFO: [ app_begin ] --END-- [ RunTime:0.005050s ]
SQL: SHOW COLUMNS FROM `ysk_config` [ RunTime:0.0075s ]
SQL: SELECT `value`,`tip` FROM `ysk_config` WHERE `name` = 'TOGGLE_WEB_SITE' LIMIT 1   [ RunTime:0.0005s ]
SQL: SHOW COLUMNS FROM `ysk_user` [ RunTime:0.0067s ]
SQL: SHOW COLUMNS FROM `ysk_user` [ RunTime:0.0108s ]
SQL: SELECT `status`,`session_id` FROM `ysk_user` WHERE `userid` = 8 LIMIT 1   [ RunTime:0.0003s ]
SQL: SELECT * FROM `ysk_user` ORDER BY zsy desc LIMIT 10   [ RunTime:0.0007s ]
INFO: [ view_parse ] --START--
INFO: [ template_filter ] --START--
INFO: Run Behavior\ContentReplaceBehavior [ RunTime:0.000086s ]
INFO: [ template_filter ] --END-- [ RunTime:0.000167s ]
INFO: Run Behavior\ParseTemplateBehavior [ RunTime:0.011277s ]
INFO: [ view_parse ] --END-- [ RunTime:0.011348s ]
INFO: [ view_filter ] --START--
INFO: Run Behavior\WriteHtmlCacheBehavior [ RunTime:0.000729s ]
INFO: [ view_filter ] --END-- [ RunTime:0.000786s ]
INFO: [ app_end ] --START--
INFO: Run Behavior\ShowPageTraceBehavior [ RunTime:0.002507s ]
INFO: [ app_end ] --END-- [ RunTime:0.002573s ]

[ 2019-05-27T15:46:03+08:00 ] 127.0.0.1 /User/index.html
INFO: [ app_init ] --START--
INFO: Run Behavior\BuildLiteBehavior [ RunTime:0.000018s ]
INFO: [ app_init ] --END-- [ RunTime:0.000068s ]
INFO: [ app_begin ] --START--
INFO: Run Behavior\ReadHtmlCacheBehavior [ RunTime:0.000728s ]
INFO: Run Common\Behavior\CheckLangBehavior [ RunTime:0.001791s ]
INFO: [ app_begin ] --END-- [ RunTime:0.002614s ]
SQL: SHOW COLUMNS FROM `ysk_config` [ RunTime:0.0110s ]
SQL: SELECT `value`,`tip` FROM `ysk_config` WHERE `name` = 'TOGGLE_WEB_SITE' LIMIT 1   [ RunTime:0.0004s ]
SQL: SHOW COLUMNS FROM `ysk_user` [ RunTime:0.0092s ]
SQL: SHOW COLUMNS FROM `ysk_user` [ RunTime:0.0089s ]
SQL: SELECT `status`,`session_id` FROM `ysk_user` WHERE `userid` = 8 LIMIT 1   [ RunTime:0.0004s ]
SQL: SELECT * FROM `ysk_user` WHERE `userid` = 8 LIMIT 1   [ RunTime:0.0006s ]
INFO: [ view_parse ] --START--
INFO: [ template_filter ] --START--
INFO: Run Behavior\ContentReplaceBehavior [ RunTime:0.000080s ]
INFO: [ template_filter ] --END-- [ RunTime:0.000130s ]
INFO: Run Behavior\ParseTemplateBehavior [ RunTime:0.013475s ]
INFO: [ view_parse ] --END-- [ RunTime:0.013538s ]
INFO: [ view_filter ] --START--
INFO: Run Behavior\WriteHtmlCacheBehavior [ RunTime:0.000482s ]
INFO: [ view_filter ] --END-- [ RunTime:0.000559s ]
INFO: [ app_end ] --START--
INFO: Run Behavior\ShowPageTraceBehavior [ RunTime:0.001232s ]
INFO: [ app_end ] --END-- [ RunTime:0.001293s ]

[ 2019-05-27T15:46:09+08:00 ] 127.0.0.1 /User/shezhi.html
INFO: [ app_init ] --START--
INFO: Run Behavior\BuildLiteBehavior [ RunTime:0.000030s ]
INFO: [ app_init ] --END-- [ RunTime:0.000150s ]
INFO: [ app_begin ] --START--
INFO: Run Behavior\ReadHtmlCacheBehavior [ RunTime:0.001683s ]
INFO: Run Common\Behavior\CheckLangBehavior [ RunTime:0.004127s ]
INFO: [ app_begin ] --END-- [ RunTime:0.005997s ]
SQL: SHOW COLUMNS FROM `ysk_config` [ RunTime:0.0079s ]
SQL: SELECT `value`,`tip` FROM `ysk_config` WHERE `name` = 'TOGGLE_WEB_SITE' LIMIT 1   [ RunTime:0.0005s ]
SQL: SHOW COLUMNS FROM `ysk_user` [ RunTime:0.0082s ]
SQL: SHOW COLUMNS FROM `ysk_user` [ RunTime:0.0105s ]
SQL: SELECT `status`,`session_id` FROM `ysk_user` WHERE `userid` = 8 LIMIT 1   [ RunTime:0.0004s ]
INFO: [ view_parse ] --START--
INFO: [ template_filter ] --START--
INFO: Run Behavior\ContentReplaceBehavior [ RunTime:0.000081s ]
INFO: [ template_filter ] --END-- [ RunTime:0.000151s ]
INFO: Run Behavior\ParseTemplateBehavior [ RunTime:0.015629s ]
INFO: [ view_parse ] --END-- [ RunTime:0.015710s ]
INFO: [ view_filter ] --START--
INFO: Run Behavior\WriteHtmlCacheBehavior [ RunTime:0.001562s ]
INFO: [ view_filter ] --END-- [ RunTime:0.001625s ]
INFO: [ app_end ] --START--
INFO: Run Behavior\ShowPageTraceBehavior [ RunTime:0.001943s ]
INFO: [ app_end ] --END-- [ RunTime:0.002010s ]

[ 2019-05-27T15:46:19+08:00 ] 127.0.0.1 /User/ziliao.html
INFO: [ app_init ] --START--
INFO: Run Behavior\BuildLiteBehavior [ RunTime:0.000014s ]
INFO: [ app_init ] --END-- [ RunTime:0.000074s ]
INFO: [ app_begin ] --START--
INFO: Run Behavior\ReadHtmlCacheBehavior [ RunTime:0.001522s ]
INFO: Run Common\Behavior\CheckLangBehavior [ RunTime:0.005954s ]
INFO: [ app_begin ] --END-- [ RunTime:0.007649s ]
SQL: SHOW COLUMNS FROM `ysk_config` [ RunTime:0.0098s ]
SQL: SELECT `value`,`tip` FROM `ysk_config` WHERE `name` = 'TOGGLE_WEB_SITE' LIMIT 1   [ RunTime:0.0006s ]
SQL: SHOW COLUMNS FROM `ysk_user` [ RunTime:0.0099s ]
SQL: SHOW COLUMNS FROM `ysk_user` [ RunTime:0.0089s ]
SQL: SELECT `status`,`session_id` FROM `ysk_user` WHERE `userid` = 8 LIMIT 1   [ RunTime:0.0005s ]
INFO: [ view_parse ] --START--
INFO: [ template_filter ] --START--
INFO: Run Behavior\ContentReplaceBehavior [ RunTime:0.000079s ]
INFO: [ template_filter ] --END-- [ RunTime:0.000156s ]
INFO: Run Behavior\ParseTemplateBehavior [ RunTime:0.015922s ]
INFO: [ view_parse ] --END-- [ RunTime:0.015991s ]
INFO: [ view_filter ] --START--
INFO: Run Behavior\WriteHtmlCacheBehavior [ RunTime:0.001458s ]
INFO: [ view_filter ] --END-- [ RunTime:0.001525s ]
INFO: [ app_end ] --START--
INFO: Run Behavior\ShowPageTraceBehavior [ RunTime:0.001626s ]
INFO: [ app_end ] --END-- [ RunTime:0.001679s ]

[ 2019-05-27T15:46:26+08:00 ] 127.0.0.1 /Index/index.html
INFO: [ app_init ] --START--
INFO: Run Behavior\BuildLiteBehavior [ RunTime:0.000018s ]
INFO: [ app_init ] --END-- [ RunTime:0.000121s ]
INFO: [ app_begin ] --START--
INFO: Run Behavior\ReadHtmlCacheBehavior [ RunTime:0.000992s ]
INFO: Run Common\Behavior\CheckLangBehavior [ RunTime:0.003812s ]
INFO: [ app_begin ] --END-- [ RunTime:0.005001s ]
SQL: SHOW COLUMNS FROM `ysk_config` [ RunTime:0.0083s ]
SQL: SELECT `value`,`tip` FROM `ysk_config` WHERE `name` = 'TOGGLE_WEB_SITE' LIMIT 1   [ RunTime:0.0004s ]
SQL: SHOW COLUMNS FROM `ysk_user` [ RunTime:0.0115s ]
SQL: SHOW COLUMNS FROM `ysk_user` [ RunTime:0.0091s ]
SQL: SELECT `status`,`session_id` FROM `ysk_user` WHERE `userid` = 8 LIMIT 1   [ RunTime:0.0005s ]
SQL: SELECT * FROM `ysk_user` ORDER BY zsy desc LIMIT 10   [ RunTime:0.0009s ]
INFO: [ view_parse ] --START--
INFO: [ template_filter ] --START--
INFO: Run Behavior\ContentReplaceBehavior [ RunTime:0.000097s ]
INFO: [ template_filter ] --END-- [ RunTime:0.000178s ]
INFO: Run Behavior\ParseTemplateBehavior [ RunTime:0.013555s ]
INFO: [ view_parse ] --END-- [ RunTime:0.013646s ]
INFO: [ view_filter ] --START--
INFO: Run Behavior\WriteHtmlCacheBehavior [ RunTime:0.000775s ]
INFO: [ view_filter ] --END-- [ RunTime:0.000855s ]
INFO: [ app_end ] --START--
INFO: Run Behavior\ShowPageTraceBehavior [ RunTime:0.001425s ]
INFO: [ app_end ] --END-- [ RunTime:0.001499s ]

[ 2019-05-27T15:46:30+08:00 ] 127.0.0.1 /User/index.html
INFO: [ app_init ] --START--
INFO: Run Behavior\BuildLiteBehavior [ RunTime:0.000039s ]
INFO: [ app_init ] --END-- [ RunTime:0.000098s ]
INFO: [ app_begin ] --START--
INFO: Run Behavior\ReadHtmlCacheBehavior [ RunTime:0.001392s ]
INFO: Run Common\Behavior\CheckLangBehavior [ RunTime:0.004789s ]
INFO: [ app_begin ] --END-- [ RunTime:0.006291s ]
SQL: SHOW COLUMNS FROM `ysk_config` [ RunTime:0.0095s ]
SQL: SELECT `value`,`tip` FROM `ysk_config` WHERE `name` = 'TOGGLE_WEB_SITE' LIMIT 1   [ RunTime:0.0004s ]
SQL: SHOW COLUMNS FROM `ysk_user` [ RunTime:0.0094s ]
SQL: SHOW COLUMNS FROM `ysk_user` [ RunTime:0.0096s ]
SQL: SELECT `status`,`session_id` FROM `ysk_user` WHERE `userid` = 8 LIMIT 1   [ RunTime:0.0005s ]
SQL: SELECT * FROM `ysk_user` WHERE `userid` = 8 LIMIT 1   [ RunTime:0.0007s ]
INFO: [ view_parse ] --START--
INFO: [ template_filter ] --START--
INFO: Run Behavior\ContentReplaceBehavior [ RunTime:0.000137s ]
INFO: [ template_filter ] --END-- [ RunTime:0.000221s ]
INFO: Run Behavior\ParseTemplateBehavior [ RunTime:0.015228s ]
INFO: [ view_parse ] --END-- [ RunTime:0.015327s ]
INFO: [ view_filter ] --START--
INFO: Run Behavior\WriteHtmlCacheBehavior [ RunTime:0.000911s ]
INFO: [ view_filter ] --END-- [ RunTime:0.000971s ]
INFO: [ app_end ] --START--
INFO: Run Behavior\ShowPageTraceBehavior [ RunTime:0.001246s ]
INFO: [ app_end ] --END-- [ RunTime:0.001310s ]

[ 2019-05-27T15:46:40+08:00 ] 127.0.0.1 /User/shezhi.html
INFO: [ app_init ] --START--
INFO: Run Behavior\BuildLiteBehavior [ RunTime:0.000020s ]
INFO: [ app_init ] --END-- [ RunTime:0.000105s ]
INFO: [ app_begin ] --START--
INFO: Run Behavior\ReadHtmlCacheBehavior [ RunTime:0.002258s ]
INFO: Run Common\Behavior\CheckLangBehavior [ RunTime:0.004396s ]
INFO: [ app_begin ] --END-- [ RunTime:0.006826s ]
SQL: SHOW COLUMNS FROM `ysk_config` [ RunTime:0.0097s ]
SQL: SELECT `value`,`tip` FROM `ysk_config` WHERE `name` = 'TOGGLE_WEB_SITE' LIMIT 1   [ RunTime:0.0005s ]
SQL: SHOW COLUMNS FROM `ysk_user` [ RunTime:0.0088s ]
SQL: SHOW COLUMNS FROM `ysk_user` [ RunTime:0.0092s ]
SQL: SELECT `status`,`session_id` FROM `ysk_user` WHERE `userid` = 8 LIMIT 1   [ RunTime:0.0004s ]
INFO: [ view_parse ] --START--
INFO: [ template_filter ] --START--
INFO: Run Behavior\ContentReplaceBehavior [ RunTime:0.000136s ]
INFO: [ template_filter ] --END-- [ RunTime:0.000241s ]
INFO: Run Behavior\ParseTemplateBehavior [ RunTime:0.014371s ]
INFO: [ view_parse ] --END-- [ RunTime:0.014475s ]
INFO: [ view_filter ] --START--
INFO: Run Behavior\WriteHtmlCacheBehavior [ RunTime:0.001558s ]
INFO: [ view_filter ] --END-- [ RunTime:0.001621s ]
INFO: [ app_end ] --START--
INFO: Run Behavior\ShowPageTraceBehavior [ RunTime:0.001975s ]
INFO: [ app_end ] --END-- [ RunTime:0.002057s ]

[ 2019-05-27T15:46:42+08:00 ] 127.0.0.1 /User/Loginout.html
INFO: [ app_init ] --START--
INFO: Run Behavior\BuildLiteBehavior [ RunTime:0.000012s ]
INFO: [ app_init ] --END-- [ RunTime:0.000082s ]
INFO: [ app_begin ] --START--
INFO: Run Behavior\ReadHtmlCacheBehavior [ RunTime:0.001214s ]
INFO: Run Common\Behavior\CheckLangBehavior [ RunTime:0.002776s ]
INFO: [ app_begin ] --END-- [ RunTime:0.004102s ]
SQL: SHOW COLUMNS FROM `ysk_config` [ RunTime:0.0085s ]
SQL: SELECT `value`,`tip` FROM `ysk_config` WHERE `name` = 'TOGGLE_WEB_SITE' LIMIT 1   [ RunTime:0.0005s ]
SQL: SHOW COLUMNS FROM `ysk_user` [ RunTime:0.0084s ]
SQL: SHOW COLUMNS FROM `ysk_user` [ RunTime:0.0090s ]
SQL: SELECT `status`,`session_id` FROM `ysk_user` WHERE `userid` = 8 LIMIT 1   [ RunTime:0.0005s ]

[ 2019-05-27T15:46:42+08:00 ] 127.0.0.1 /Login/login.html
INFO: [ app_init ] --START--
INFO: Run Behavior\BuildLiteBehavior [ RunTime:0.000014s ]
INFO: [ app_init ] --END-- [ RunTime:0.000069s ]
INFO: [ app_begin ] --START--
INFO: Run Behavior\ReadHtmlCacheBehavior [ RunTime:0.001915s ]
INFO: Run Common\Behavior\CheckLangBehavior [ RunTime:0.004793s ]
INFO: [ app_begin ] --END-- [ RunTime:0.006867s ]
SQL: SHOW COLUMNS FROM `ysk_config` [ RunTime:0.0090s ]
SQL: SELECT `value`,`tip` FROM `ysk_config` WHERE `name` = 'TOGGLE_WEB_SITE' LIMIT 1   [ RunTime:0.0008s ]
INFO: [ view_parse ] --START--
INFO: [ template_filter ] --START--
INFO: Run Behavior\ContentReplaceBehavior [ RunTime:0.000113s ]
INFO: [ template_filter ] --END-- [ RunTime:0.000175s ]
NOTIC: [8] Undefined variable: account D:\phpStudy\WWW\APP\Runtime\Cache\Home\6dbce1cb7c0dde839718c0b7332903b5.php 第 22 行.
INFO: Run Behavior\ParseTemplateBehavior [ RunTime:0.012819s ]
INFO: [ view_parse ] --END-- [ RunTime:0.012873s ]
INFO: [ view_filter ] --START--
INFO: Run Behavior\WriteHtmlCacheBehavior [ RunTime:0.001264s ]
INFO: [ view_filter ] --END-- [ RunTime:0.001327s ]
INFO: [ app_end ] --START--
INFO: Run Behavior\ShowPageTraceBehavior [ RunTime:0.002361s ]
INFO: [ app_end ] --END-- [ RunTime:0.002446s ]

[ 2019-05-27T15:46:48+08:00 ] 127.0.0.1 /Login/checkLogin.html
INFO: [ app_init ] --START--
INFO: Run Behavior\BuildLiteBehavior [ RunTime:0.000021s ]
INFO: [ app_init ] --END-- [ RunTime:0.000123s ]
INFO: [ app_begin ] --START--
INFO: Run Behavior\ReadHtmlCacheBehavior [ RunTime:0.002035s ]
INFO: Run Common\Behavior\CheckLangBehavior [ RunTime:0.004272s ]
INFO: [ app_begin ] --END-- [ RunTime:0.006459s ]
SQL: SHOW COLUMNS FROM `ysk_user` [ RunTime:0.0094s ]
SQL: SELECT * FROM `ysk_user` WHERE ( `mobile` = '14725836999' OR `account` = '14725836999' OR `userid` = '14725836999' ) LIMIT 1   [ RunTime:0.0009s ]
SQL: UPDATE `ysk_user` SET `session_id`='ubme69odg0efhuh23bam27nct5' WHERE ( `mobile` = '14725836999' OR `account` = '14725836999' OR `userid` = '14725836999' ) [ RunTime:0.0006s ]
SQL: SELECT * FROM `ysk_user` WHERE ( `mobile` = '14725836999' OR `account` = '14725836999' OR `userid` = '14725836999' ) LIMIT 1   [ RunTime:0.0005s ]
SQL: UPDATE `ysk_user` SET `session_id`='ubme69odg0efhuh23bam27nct5' WHERE ( `mobile` = '14725836999' OR `account` = '14725836999' OR `userid` = '14725836999' ) [ RunTime:0.0005s ]

[ 2019-05-27T15:46:48+08:00 ] 127.0.0.1 /User/index.html
INFO: [ app_init ] --START--
INFO: Run Behavior\BuildLiteBehavior [ RunTime:0.000019s ]
INFO: [ app_init ] --END-- [ RunTime:0.000113s ]
INFO: [ app_begin ] --START--
INFO: Run Behavior\ReadHtmlCacheBehavior [ RunTime:0.001882s ]
INFO: Run Common\Behavior\CheckLangBehavior [ RunTime:0.002693s ]
INFO: [ app_begin ] --END-- [ RunTime:0.004763s ]
SQL: SHOW COLUMNS FROM `ysk_config` [ RunTime:0.0093s ]
SQL: SELECT `value`,`tip` FROM `ysk_config` WHERE `name` = 'TOGGLE_WEB_SITE' LIMIT 1   [ RunTime:0.0005s ]
SQL: SHOW COLUMNS FROM `ysk_user` [ RunTime:0.0066s ]
SQL: SHOW COLUMNS FROM `ysk_user` [ RunTime:0.0082s ]
SQL: SELECT `status`,`session_id` FROM `ysk_user` WHERE `userid` = 8 LIMIT 1   [ RunTime:0.0005s ]
SQL: SELECT * FROM `ysk_user` WHERE `userid` = 8 LIMIT 1   [ RunTime:0.0006s ]
INFO: [ view_parse ] --START--
INFO: [ template_filter ] --START--
INFO: Run Behavior\ContentReplaceBehavior [ RunTime:0.000135s ]
INFO: [ template_filter ] --END-- [ RunTime:0.000216s ]
INFO: Run Behavior\ParseTemplateBehavior [ RunTime:0.017202s ]
INFO: [ view_parse ] --END-- [ RunTime:0.017285s ]
INFO: [ view_filter ] --START--
INFO: Run Behavior\WriteHtmlCacheBehavior [ RunTime:0.001611s ]
INFO: [ view_filter ] --END-- [ RunTime:0.001673s ]
INFO: [ app_end ] --START--
INFO: Run Behavior\ShowPageTraceBehavior [ RunTime:0.001978s ]
INFO: [ app_end ] --END-- [ RunTime:0.002074s ]

